<?xml version="1.0" encoding="UTF-8"?>
<!-- Generated by org.testng.reporters.JUnitReportReporter -->
<testsuite hostname="DESKTOP-GQ1HDIT" failures="0" tests="1" name="testcases.LoginTest" time="9.261" errors="0" timestamp="2022-03-12T22:55:11 EST" skipped="0">
  <testcase classname="testcases.LoginTest" name="LoginFailureTest" time="9.261"/>
  <system-out/>
</testsuite> <!-- testcases.LoginTest -->
