<?xml version="1.0" encoding="UTF-8"?>
<!-- Generated by org.testng.reporters.JUnitReportReporter -->
<testsuite skipped="0" hostname="DESKTOP-GQ1HDIT" name="testcases.LoginTest" tests="2" failures="0" timestamp="2022-03-19T00:16:45 EDT" time="21.460" errors="0">
  <testcase name="LoginFailureTest" time="8.521" classname="testcases.LoginTest"/>
  <system-out/>
  <testcase name="ExternalDataTest" time="12.939" classname="testcases.LoginTest"/>
  <system-out/>
</testsuite> <!-- testcases.LoginTest -->
